Error: invalid rational number: 1/2 999
Error: invalid rational number: 2 : 3
Error: invalid rational number: 5/0
r0 = 0   ( 0.0 )
r1 = 1/3 ( 0.3333333333333333 )
r2 = 1/3 ( 0.3333333333333333 )
r3 = 1/3 ( 0.3333333333333333 )
r4 = 1/3 ( 0.3333333333333333 )

r6 = 0    (  0.0 )
r7 = -2/5 ( -0.4 )
r8 = -2/5 ( -0.4 )

1/3 + -2/5 = -1/15 ( -0.06666666666666667 )
1/3 - -2/5 = 11/15 (  0.7333333333333333 )
1/3 * -2/5 = -2/15 ( -0.13333333333333333 )
1/3 / -2/5 = -5/6  ( -0.8333333333333334 )

1/3 == -2/5 : False
1/3 != -2/5 : True
1/3 <  -2/5 : False
1/3 <= -2/5 : False
1/3 >  -2/5 : True
1/3 >= -2/5 : True

( 1/3 += -2/5 ) = -1/15
( 1/3 -= -2/5 ) = 11/15
( 1/3 *= -2/5 ) = -2/15
( 1/3 /= -2/5 ) = -5/6

r1 = -5/6 ; -r1 = 5/6
r2 = 1/3 ; -r2 = -1/3

R1 = 7/13 ( 0.5384615384615384 )
R2 = -8/15 ( -0.5333333333333333 )
R3 = 5 ( 5.0 )
R4 =   R5 =   
